<?xml version="1.0" encoding="UTF-8"?>
<robot generator="Robot 5.0.1 (Python 3.10.7 on win32)" generated="20221022 06:34:57.182" rpa="false" schemaversion="3">
<suite id="s1" name="Automation Practice Homepage Login" source="C:\Users\kingsley\PycharmProjects\robotframework_automation_practice\automation_practice_homepage_login.robot">
<test id="s1-t1" name="Verify that users can retrieve forgotten password" line="33">
<kw name="Get to login page" library="MyKeywords" type="SETUP">
<kw name="Open Browser" library="SeleniumLibrary">
<arg>${URL}</arg>
<arg>${BROWSER}</arg>
<doc>Opens a new browser instance to the optional ``url``.</doc>
<msg timestamp="20221022 06:34:57.945" level="INFO">Opening browser 'chrome' to base url 'http://automationpractice.com/index.php'.</msg>
<status status="PASS" starttime="20221022 06:34:57.945" endtime="20221022 06:35:18.530"/>
</kw>
<kw name="Maximize Browser Window" library="SeleniumLibrary">
<doc>Maximizes current browser window.</doc>
<status status="PASS" starttime="20221022 06:35:18.531" endtime="20221022 06:35:18.656"/>
</kw>
<kw name="Click Element" library="SeleniumLibrary">
<arg>${HOMEPAGE_SIGNIN_BTN}</arg>
<doc>Click the element identified by ``locator``.</doc>
<msg timestamp="20221022 06:35:18.657" level="INFO">Clicking element 'class:login'.</msg>
<status status="PASS" starttime="20221022 06:35:18.656" endtime="20221022 06:35:20.519"/>
</kw>
<status status="PASS" starttime="20221022 06:34:57.945" endtime="20221022 06:35:20.519"/>
</kw>
<kw name="Retrieve user password" library="MyKeywords">
<arg>${FORGOT_PASSWORD_LINK}</arg>
<arg>${FORGOT_PASSWORD_EMAIL}</arg>
<arg>kingsg@gmail.com</arg>
<arg>${RETRIEVE_PASSWORD_BTN}</arg>
<kw name="Click Element" library="SeleniumLibrary">
<arg>${ForgotPassword_Link}</arg>
<doc>Click the element identified by ``locator``.</doc>
<msg timestamp="20221022 06:35:20.521" level="INFO">Clicking element 'xpath://*[@id="login_form"]/div/p[1]/a'.</msg>
<status status="PASS" starttime="20221022 06:35:20.521" endtime="20221022 06:35:21.679"/>
</kw>
<kw name="Input Text" library="SeleniumLibrary">
<arg>${EmailAddress_Field}</arg>
<arg>${EmailAddress}</arg>
<doc>Types the given ``text`` into the text field identified by ``locator``.</doc>
<msg timestamp="20221022 06:35:21.680" level="INFO">Typing text 'kingsg@gmail.com' into text field 'id:email'.</msg>
<status status="PASS" starttime="20221022 06:35:21.679" endtime="20221022 06:35:22.024"/>
</kw>
<kw name="Click Element" library="SeleniumLibrary">
<arg>${RetrievePassword_btn}</arg>
<doc>Click the element identified by ``locator``.</doc>
<msg timestamp="20221022 06:35:22.024" level="INFO">Clicking element 'xpath://*[@id="form_forgotpassword"]/fieldset/p/button/span'.</msg>
<status status="PASS" starttime="20221022 06:35:22.024" endtime="20221022 06:35:23.023"/>
</kw>
<kw name="Page Should Contain" library="SeleniumLibrary">
<arg>A confirmation email has been sent to your address: ${EmailAddress}</arg>
<doc>Verifies that current page contains ``text``.</doc>
<msg timestamp="20221022 06:35:23.054" level="INFO">Current page contains text 'A confirmation email has been sent to your address: kingsg@gmail.com'.</msg>
<status status="PASS" starttime="20221022 06:35:23.023" endtime="20221022 06:35:23.054"/>
</kw>
<status status="PASS" starttime="20221022 06:35:20.520" endtime="20221022 06:35:23.055"/>
</kw>
<tag>kingsley</tag>
<status status="PASS" starttime="20221022 06:34:57.944" endtime="20221022 06:35:23.055"/>
</test>
<kw name="Close All Browsers" library="SeleniumLibrary" type="TEARDOWN">
<doc>Closes all open browsers and resets the browser cache.</doc>
<status status="PASS" starttime="20221022 06:35:23.056" endtime="20221022 06:35:26.048"/>
</kw>
<doc>Validate application homepage and login</doc>
<status status="PASS" starttime="20221022 06:34:57.185" endtime="20221022 06:35:26.049"/>
</suite>
<statistics>
<total>
<stat pass="1" fail="0" skip="0">All Tests</stat>
</total>
<tag>
<stat pass="1" fail="0" skip="0">kingsley</stat>
</tag>
<suite>
<stat pass="1" fail="0" skip="0" id="s1" name="Automation Practice Homepage Login">Automation Practice Homepage Login</stat>
</suite>
</statistics>
<errors>
</errors>
</robot>
